<?xml version="1.0" encoding="UTF-8"?>
<testsuite name="com.ait.qa30.homeWork.DWSLoginTests" tests="1" skipped="0" failures="0" errors="0" timestamp="2024-02-18T14:42:42" hostname="SASHA" time="1.25">
  <properties/>
  <testcase name="loginPositiveTest" classname="com.ait.qa30.homeWork.DWSLoginTests" time="1.25"/>
  <system-out><![CDATA[]]></system-out>
  <system-err><![CDATA[]]></system-err>
</testsuite>
